<?xml version="1.0" encoding="UTF-8"?>
<!-- Generated by org.testng.reporters.JUnitReportReporter -->
<testsuite hostname="DESKTOP-S1VV6A4" failures="0" tests="1" name="org.QAfoxProject.Components.Components_MiceandTrackballs_Test" time="14.408" errors="0" timestamp="2025-01-29T15:40:23 IST" skipped="0">
  <testcase classname="org.QAfoxProject.Components.Components_MiceandTrackballs_Test" name="verifyText_Components_MiceandTrackballs" time="14.408"/>
  <system-out>
    <![CDATA[Components headerlink displayed and enabled
MiceandTrackballs displayed and enabled
Components_miceandtrackballs
[I@11bd803]]>
  </system-out>
</testsuite> <!-- org.QAfoxProject.Components.Components_MiceandTrackballs_Test -->
