<?xml version="1.0" encoding="UTF-8"?>
<!-- Generated by org.testng.reporters.JUnitReportReporter -->
<testsuite hostname="DESKTOP-S1VV6A4" failures="0" tests="1" name="org.QAfoxProject.Desktops.Desktops_PCTest" time="13.594" errors="0" timestamp="2025-01-27T12:43:15 IST" skipped="0">
  <testcase classname="org.QAfoxProject.Desktops.Desktops_PCTest" name="addProduct_Desktops_PCTest" time="13.594"/>
  <system-out>
    <![CDATA[Desktops_PC product added]]>
  </system-out>
</testsuite> <!-- org.QAfoxProject.Desktops.Desktops_PCTest -->
