<?xml version="1.0" encoding="UTF-8"?>
<!-- Generated by org.testng.reporters.JUnitReportReporter -->
<testsuite hostname="DESKTOP-S1VV6A4" failures="0" tests="2" name="org.QAfoxProject.RegisterAccount.RegisterAccountTest" time="1.431" errors="0" timestamp="2025-01-08T14:19:06 IST" skipped="0">
  <testcase classname="org.QAfoxProject.RegisterAccount.RegisterAccountTest" name="verifyWithValidInput" time="1.411"/>
  <system-out>
    <![CDATA[onTestStart...!!!
Register Account Verified With Valid Input
onTestSuccess...!!!]]>
  </system-out>
  <testcase classname="org.QAfoxProject.RegisterAccount.RegisterAccountTest" name="verifyWithInValidInput" time="0.020"/>
  <system-out>
    <![CDATA[onTestStart...!!!
Register Account Verified With InValid Input
onTestSuccess...!!!]]>
  </system-out>
</testsuite> <!-- org.QAfoxProject.RegisterAccount.RegisterAccountTest -->
