<?xml version="1.0" encoding="UTF-8"?>
<!-- Generated by org.testng.reporters.JUnitReportReporter -->
<testsuite hostname="DESKTOP-S1VV6A4" failures="0" tests="3" name="org.QAfoxProject.Components.Components_MiceandTrackballs_Test" time="0.009" errors="1" timestamp="2025-01-23T14:47:57 IST" skipped="2">
  <testcase classname="org.QAfoxProject.Components.Components_MiceandTrackballs_Test" name="getReportConnection" time="0.009">
    <error message="Unresolved compilation problem: 
	The method getRandom(int) is undefined for the type JavaLibrary
" type="java.lang.Error">
      <![CDATA[java.lang.Error: Unresolved compilation problem: 
The method getRandom(int) is undefined for the type JavaLibrary

at org.QAfoxProjectGenericUtility.BaseConfigaration.getReportConnection(BaseConfigaration.java:216)
at java.base/jdk.internal.reflect.DirectMethodHandleAccessor.invoke(DirectMethodHandleAccessor.java:103)
at java.base/java.lang.reflect.Method.invoke(Method.java:580)
at org.testng.internal.invokers.MethodInvocationHelper.invokeMethod(MethodInvocationHelper.java:139)
at org.testng.internal.invokers.MethodInvocationHelper.invokeMethodConsideringTimeout(MethodInvocationHelper.java:69)
at org.testng.internal.invokers.ConfigInvoker.invokeConfigurationMethod(ConfigInvoker.java:361)
at org.testng.internal.invokers.ConfigInvoker.invokeConfigurations(ConfigInvoker.java:296)
at org.testng.SuiteRunner.privateRun(SuiteRunner.java:376)
at org.testng.SuiteRunner.run(SuiteRunner.java:330)
at org.testng.SuiteRunnerWorker.runSuite(SuiteRunnerWorker.java:52)
at org.testng.SuiteRunnerWorker.run(SuiteRunnerWorker.java:95)
at org.testng.TestNG.runSuitesSequentially(TestNG.java:1256)
at org.testng.TestNG.runSuitesLocally(TestNG.java:1176)
at org.testng.TestNG.runSuites(TestNG.java:1099)
at org.testng.TestNG.run(TestNG.java:1067)
at org.testng.remote.AbstractRemoteTestNG.run(AbstractRemoteTestNG.java:115)
at org.testng.remote.RemoteTestNG.initAndRun(RemoteTestNG.java:293)
at org.testng.remote.RemoteTestNG.main(RemoteTestNG.java:91)
]]>
    </error>
  </testcase> <!-- getReportConnection -->
  <system-out/>
  <testcase classname="org.QAfoxProject.Components.Components_MiceandTrackballs_Test" name="verifyText_Components_MiceandTrackballs" time="0.000">
    <skipped/>
  </testcase> <!-- verifyText_Components_MiceandTrackballs -->
  <system-out/>
  <testcase classname="org.QAfoxProject.Components.Components_MiceandTrackballs_Test" name="verifyText_Components_MiceandTrackballs" time="0.000">
    <skipped/>
  </testcase> <!-- verifyText_Components_MiceandTrackballs -->
  <system-out/>
</testsuite> <!-- org.QAfoxProject.Components.Components_MiceandTrackballs_Test -->
