<?xml version="1.0" encoding="UTF-8"?>
<!-- Generated by org.testng.reporters.JUnitReportReporter -->
<testsuite hostname="DESKTOP-S1VV6A4" failures="0" tests="1" name="Demo.DemoTask" time="0.636" errors="0" timestamp="2025-01-10T13:04:57 IST" skipped="0">
  <testcase classname="Demo.DemoTask" name="DemoTesting1" time="0.636"/>
  <system-out/>
</testsuite> <!-- Demo.DemoTask -->
