<?xml version="1.0" encoding="UTF-8"?>
<!-- Generated by org.testng.reporters.JUnitReportReporter -->
<testsuite hostname="DESKTOP-S1VV6A4" failures="0" tests="1" name="org.QAfoxProject.Components.Components_Monitors_Test" time="6.063" errors="0" timestamp="2025-01-08T21:41:22 IST" skipped="0">
  <testcase classname="org.QAfoxProject.Components.Components_Monitors_Test" name="addProduct_Components_Monitors_Test" time="6.063"/>
  <system-out>
    <![CDATA[Components_Monitors_Test added]]>
  </system-out>
</testsuite> <!-- org.QAfoxProject.Components.Components_Monitors_Test -->
