<?xml version="1.0" encoding="UTF-8"?>
<!-- Generated by org.testng.reporters.JUnitReportReporter -->
<testsuite hostname="DESKTOP-S1VV6A4" failures="0" tests="1" name="org.QAfoxProject.Desktops.Desktops_MacTest" time="90.560" errors="0" timestamp="2025-01-22T12:36:09 IST" skipped="0">
  <testcase classname="org.QAfoxProject.Desktops.Desktops_MacTest" name="addProduct_Desktops_Mac" time="90.560"/>
  <system-out>
    <![CDATA[Desktops_Mac product added
iMac
Apple
Product Code:Product 14
Availability:Out Of Stock
$122.00
Ex Tax:$100.00
QTY is entered sucessfully
add cart button click sucessfully 
Success: You have added iMac to your shopping cart!
×
Just when you thought iMac had everything, now there´s even more. More powerful Intel Core 2 Duo processors. And more memory standard. Combine this with Mac OS X Leopard and iLife ´08, and it´s more all-in-one than ever. iMac packs amazing performance into a stunningly slim space.
shopping cart button click sucessfull
view cart button click sucessfull
check out button click sucessfull
Products marked with *** are not available in the desired quantity or not in stock!
×]]>
  </system-out>
</testsuite> <!-- org.QAfoxProject.Desktops.Desktops_MacTest -->
